<?xml version="1.0" encoding="UTF-8"?>
<!-- Generated by org.testng.reporters.JUnitReportReporter -->
<testsuite hostname="MSI" failures="0" tests="1" name="TestCases.TC_001_accountregistration" time="7.574" errors="0" timestamp="2024-01-16T10:39:41 IST" skipped="0">
  <testcase classname="TestCases.TC_001_accountregistration" name="accountreg" time="7.574"/>
</testsuite> <!-- TestCases.TC_001_accountregistration -->
